<?xml version="1.0" encoding="UTF-8"?>
<robot generator="Robot 4.0.1 (Python 3.9.2 on darwin)" generated="20210914 16:38:22.708" rpa="false" schemaversion="2">
<suite id="s1" name="Packet Loss" source="/Users/rd/Desktop/UA/5GASP/Code/CICD_LTR/ftp/tests/packet_loss">
<suite id="s1-s1" name="testPacketLoss" source="/Users/rd/Desktop/UA/5GASP/Code/CICD_LTR/ftp/tests/packet_loss/testPacketLoss.robot">
<test id="s1-s1-t1" name="Testing the packet loss percentage">
<kw name="Run Keyword If" library="BuiltIn">
<var>${COMPARATOR}</var>
<arg>'%{packet_loss_comparator}' == 'more than'</arg>
<arg>Set Variable</arg>
<arg>&gt;</arg>
<arg>ELSE IF</arg>
<arg>'%{packet_loss_comparator}' == 'more or equal than'</arg>
<arg>Set Variable</arg>
<arg>&gt;=</arg>
<arg>ELSE IF</arg>
<arg>'%{packet_loss_comparator}' == 'less than'</arg>
<arg>Set Variable</arg>
<arg>&lt;</arg>
<arg>ELSE IF</arg>
<arg>'%{packet_loss_comparator}' == 'less or equal than'</arg>
<arg>Set Variable</arg>
<arg>&lt;=</arg>
<arg>ELSE</arg>
<arg>Fail</arg>
<arg>\nComparator has not been defined</arg>
<doc>Runs the given keyword with the given arguments, if ``condition`` is true.</doc>
<kw name="Set Variable" library="BuiltIn">
<arg>&lt;</arg>
<doc>Returns the given values which can then be assigned to a variables.</doc>
<status status="PASS" starttime="20210914 16:38:22.968" endtime="20210914 16:38:22.968"/>
</kw>
<msg timestamp="20210914 16:38:22.969" level="INFO">${COMPARATOR} = &lt;</msg>
<status status="PASS" starttime="20210914 16:38:22.967" endtime="20210914 16:38:22.969"/>
</kw>
<kw name="Packet Loss" library="PacketLoss">
<var>${loss_percentage}</var>
<msg timestamp="20210914 16:38:42.339" level="INFO">${loss_percentage} = 0.0</msg>
<status status="PASS" starttime="20210914 16:38:22.969" endtime="20210914 16:38:42.339"/>
</kw>
<if>
<branch type="IF" condition="'${loss_percentage}' != '-1'">
<kw name="Should Be True" library="BuiltIn">
<arg>${loss_percentage} ${COMPARATOR} %{packet_loss_threshold}</arg>
<doc>Fails if the given condition is not true.</doc>
<status status="PASS" starttime="20210914 16:38:42.340" endtime="20210914 16:38:42.340"/>
</kw>
<status status="PASS" starttime="20210914 16:38:42.339" endtime="20210914 16:38:42.340"/>
</branch>
<branch type="ELSE">
<kw name="Fail" library="BuiltIn">
<arg>\nImpossible to compute packet loss percentage</arg>
<doc>Fails the test with the given message and optionally alters its tags.</doc>
<status status="NOT RUN" starttime="20210914 16:38:42.341" endtime="20210914 16:38:42.341"/>
</kw>
<status status="NOT RUN" starttime="20210914 16:38:42.340" endtime="20210914 16:38:42.341"/>
</branch>
<status status="PASS" starttime="20210914 16:38:42.339" endtime="20210914 16:38:42.341"/>
</if>
<status status="PASS" starttime="20210914 16:38:22.967" endtime="20210914 16:38:42.342"/>
</test>
<status status="PASS" starttime="20210914 16:38:22.740" endtime="20210914 16:38:42.346"/>
</suite>
<status status="PASS" starttime="20210914 16:38:22.710" endtime="20210914 16:38:42.348"/>
</suite>
<statistics>
<total>
<stat pass="1" fail="0" skip="0">All Tests</stat>
</total>
<tag>
</tag>
<suite>
<stat pass="1" fail="0" skip="0" id="s1" name="Packet Loss">Packet Loss</stat>
<stat pass="1" fail="0" skip="0" id="s1-s1" name="testPacketLoss">Packet Loss.testPacketLoss</stat>
</suite>
</statistics>
<errors>
</errors>
</robot>
