<?xml version="1.0" encoding="UTF-8"?>
<robot generator="Robot 6.0.2 (Python 3.11.4 on darwin)" generated="20230717 09:15:12.105" rpa="false" schemaversion="3">
<suite id="s1" name="E2E Ue Performance Test" source="/Users/dagomes/IT/5gasp/CICD_LTR/ftp/tests/e2e_ue_performance_test">
<suite id="s1-s1" name="E2E Ue Performance Test" source="/Users/dagomes/IT/5gasp/CICD_LTR/ftp/tests/e2e_ue_performance_test/e2e_ue_performance_test.robot">
<test id="s1-s1-t1" name="E2E UE Performance Test" line="6">
<kw name="Test E2e Ue Performance" library="e2e_ue_performance_test">
<var>${e2e_ue_performance_test_status}</var>
<arg>%{e2e_ue_performance_test_mini_api_endpoint_to_invoke_server}</arg>
<arg>%{e2e_ue_performance_test_mini_api_endpoint_to_invoke_client}</arg>
<arg>%{e2e_ue_performance_test_mini_api_endpoint_to_invoke_results}</arg>
<arg>%{e2e_ue_performance_test_mini_api_endpoint_to_invoke_cleanup}</arg>
<msg timestamp="20230717 09:15:17.173" level="INFO">Response: "Started E2E UE Performance Test, as  Server Side"
...
200
Response: {'start': {'connected': [{'socket': 5, 'local_host': '127.0.0.1', 'local_port': 58513, 'remote_host': '127.0.0.1', 'remote_port': 5201}], 'version': 'iperf 3.14', 'system_info': 'Darwin Daniels-MBP.lan 21.6.0 Darwin Kernel Version 21.6.0: Sat Jun 18 17:07:22 PDT 2022; root:xnu-8020.140.41~1/RELEASE_ARM64_T6000 arm64', 'timestamp': {'time': 'Mon, 17 Jul 2023 08:15:12 UTC', 'timesecs': 1689581712}, 'connecting_to': {'host': '127.0.0.1', 'port': 5201}, 'cookie': 'frj2c6dyzi5uzugfwqqjjpj3hd4stsj4xtza', 'tcp_mss_default': 16332, 'target_bitrate': 0, 'fq_rate': 0, 'sock_bufsize': 0, 'sndbuf_actual': 131072, 'rcvbuf_actual': 131072, 'test_start': {'protocol': 'TCP', 'num_streams': 1, 'blksize': 131072, 'omit': 0, 'duration': 5, 'bytes': 0, 'blocks': 0, 'reverse': 0, 'tos': 0, 'target_bitrate': 0, 'bidir': 0, 'fqrate': 0}}, 'intervals': [{'streams': [{'socket': 5, 'start': 0, 'end': 1.000031, 'seconds': 1.0000309944152832, 'bytes': 12185763840, 'bits_per_second': 97483089288.6475, 'omitted': False, 'sender': True}], 'sum': {'start': 0, 'end': 1.000031, 'seconds': 1.0000309944152832, 'bytes': 12185763840, 'bits_per_second': 97483089288.6475, 'omitted': False, 'sender': True}}, {'streams': [{'socket': 5, 'start': 1.000031, 'end': 2.000035, 'seconds': 1.0000040531158447, 'bytes': 14518845440, 'bits_per_second': 116150292749.40808, 'omitted': False, 'sender': True}], 'sum': {'start': 1.000031, 'end': 2.000035, 'seconds': 1.0000040531158447, 'bytes': 14518845440, 'bits_per_second': 116150292749.40808, 'omitted': False, 'sender': True}}, {'streams': [{'socket': 5, 'start': 2.000035, 'end': 3.000022, 'seconds': 0.999987006187439, 'bytes': 14039121920, 'bits_per_second': 112314434752.71307, 'omitted': False, 'sender': True}], 'sum': {'start': 2.000035, 'end': 3.000022, 'seconds': 0.999987006187439, 'bytes': 14039121920, 'bits_per_second': 112314434752.71307, 'omitted': False, 'sender': True}}, {'streams': [{'socket': 5, 'start': 3.000022, 'end': 4.000056, 'seconds': 1.000033974647522, 'bytes': 13576437760, 'bits_per_second': 108607812167.86346, 'omitted': False, 'sender': True}], 'sum': {'start': 3.000022, 'end': 4.000056, 'seconds': 1.000033974647522, 'bytes': 13576437760, 'bits_per_second': 108607812167.86346, 'omitted': False, 'sender': True}}, {'streams': [{'socket': 5, 'start': 4.000056, 'end': 5.000061, 'seconds': 1.0000050067901611, 'bytes': 15428485120, 'bits_per_second': 123427262985.59407, 'omitted': False, 'sender': True}], 'sum': {'start': 4.000056, 'end': 5.000061, 'seconds': 1.0000050067901611, 'bytes': 15428485120, 'bits_per_second': 123427262985.59407, 'omitted': False, 'sender': True}}], 'end': {'streams': [{'sender': {'socket': 5, 'start': 0, 'end': 5.000061, 'seconds': 5.000061, 'bytes': 69748654080, 'bits_per_second': 111596485050.88239, 'sender': True}, 'receiver': {'socket': 5, 'start': 0, 'end': 5.000181, 'seconds': 5.000061, 'bytes': 69748654080, 'bits_per_second': 111593806832.19266, 'sender': True}}], 'sum_sent': {'start': 0, 'end': 5.000061, 'seconds': 5.000061, 'bytes': 69748654080, 'bits_per_second': 111596485050.88239, 'sender': True}, 'sum_received': {'start': 0, 'end': 5.000181, 'seconds': 5.000181, 'bytes': 69748654080, 'bits_per_second': 111593806832.19266, 'sender': True}, 'cpu_utilization_percent': {'host_total': 95.80334129832735, 'host_user': 1.866408054308595, 'host_system': 93.93693324401876, 'remote_total': 71.4120491893603, 'remote_user': 4.42405454036019, 'remote_system': 66.98799464900013}}}
Performance Test Result: 
{
    "start": {
        "connected": [
            {
                "socket": 5,
                "local_host": "127.0.0.1",
                "local_port": 58513,
                "remote_host": "127.0.0.1",
                "remote_port": 5201
            }
        ],
        "version": "iperf 3.14",
        "system_info": "Darwin Daniels-MBP.lan 21.6.0 Darwin Kernel Version 21.6.0: Sat Jun 18 17:07:22 PDT 2022; root:xnu-8020.140.41~1/RELEASE_ARM64_T6000 arm64",
        "timestamp": {
            "time": "Mon, 17 Jul 2023 08:15:12 UTC",
            "timesecs": 1689581712
        },
        "connecting_to": {
            "host": "127.0.0.1",
            "port": 5201
        },
        "cookie": "frj2c6dyzi5uzugfwqqjjpj3hd4stsj4xtza",
        "tcp_mss_default": 16332,
        "target_bitrate": 0,
        "fq_rate": 0,
        "sock_bufsize": 0,
        "sndbuf_actual": 131072,
        "rcvbuf_actual": 131072,
        "test_start": {
            "protocol": "TCP",
            "num_streams": 1,
            "blksize": 131072,
            "omit": 0,
            "duration": 5,
            "bytes": 0,
            "blocks": 0,
            "reverse": 0,
            "tos": 0,
            "target_bitrate": 0,
            "bidir": 0,
            "fqrate": 0
        }
    },
    "intervals": [
        {
            "streams": [
                {
                    "socket": 5,
                    "start": 0,
                    "end": 1.000031,
                    "seconds": 1.0000309944152832,
                    "bytes": 12185763840,
                    "bits_per_second": 97483089288.6475,
                    "omitted": false,
                    "sender": true
                }
            ],
            "sum": {
                "start": 0,
                "end": 1.000031,
                "seconds": 1.0000309944152832,
                "bytes": 12185763840,
                "bits_per_second": 97483089288.6475,
                "omitted": false,
                "sender": true
            }
        },
        {
            "streams": [
                {
                    "socket": 5,
                    "start": 1.000031,
                    "end": 2.000035,
                    "seconds": 1.0000040531158447,
                    "bytes": 14518845440,
                    "bits_per_second": 116150292749.40808,
                    "omitted": false,
                    "sender": true
                }
            ],
            "sum": {
                "start": 1.000031,
                "end": 2.000035,
                "seconds": 1.0000040531158447,
                "bytes": 14518845440,
                "bits_per_second": 116150292749.40808,
                "omitted": false,
                "sender": true
            }
        },
        {
            "streams": [
                {
                    "socket": 5,
                    "start": 2.000035,
                    "end": 3.000022,
                    "seconds": 0.999987006187439,
                    "bytes": 14039121920,
                    "bits_per_second": 112314434752.71307,
                    "omitted": false,
                    "sender": true
                }
            ],
            "sum": {
                "start": 2.000035,
                "end": 3.000022,
                "seconds": 0.999987006187439,
                "bytes": 14039121920,
                "bits_per_second": 112314434752.71307,
                "omitted": false,
                "sender": true
            }
        },
        {
            "streams": [
                {
                    "socket": 5,
                    "start": 3.000022,
                    "end": 4.000056,
                    "seconds": 1.000033974647522,
                    "bytes": 13576437760,
                    "bits_per_second": 108607812167.86346,
                    "omitted": false,
                    "sender": true
                }
            ],
            "sum": {
                "start": 3.000022,
                "end": 4.000056,
                "seconds": 1.000033974647522,
                "bytes": 13576437760,
                "bits_per_second": 108607812167.86346,
                "omitted": false,
                "sender": true
            }
        },
        {
            "streams": [
                {
                    "socket": 5,
                    "start": 4.000056,
                    "end": 5.000061,
                    "seconds": 1.0000050067901611,
                    "bytes": 15428485120,
                    "bits_per_second": 123427262985.59407,
                    "omitted": false,
                    "sender": true
                }
            ],
            "sum": {
                "start": 4.000056,
                "end": 5.000061,
                "seconds": 1.0000050067901611,
                "bytes": 15428485120,
                "bits_per_second": 123427262985.59407,
                "omitted": false,
                "sender": true
            }
        }
    ],
    "end": {
        "streams": [
            {
                "sender": {
                    "socket": 5,
                    "start": 0,
                    "end": 5.000061,
                    "seconds": 5.000061,
                    "bytes": 69748654080,
                    "bits_per_second": 111596485050.88239,
                    "sender": true
                },
                "receiver": {
                    "socket": 5,
                    "start": 0,
                    "end": 5.000181,
                    "seconds": 5.000061,
                    "bytes": 69748654080,
                    "bits_per_second": 111593806832.19266,
                    "sender": true
                }
            }
        ],
        "sum_sent": {
            "start": 0,
            "end": 5.000061,
            "seconds": 5.000061,
            "bytes": 69748654080,
            "bits_per_second": 111596485050.88239,
            "sender": true
        },
        "sum_received": {
            "start": 0,
            "end": 5.000181,
            "seconds": 5.000181,
            "bytes": 69748654080,
            "bits_per_second": 111593806832.19266,
            "sender": true
        },
        "cpu_utilization_percent": {
            "host_total": 95.80334129832735,
            "host_user": 1.866408054308595,
            "host_system": 93.93693324401876,
            "remote_total": 71.4120491893603,
            "remote_user": 4.42405454036019,
            "remote_system": 66.98799464900013
        }
    }
}
mean_bw_mbits_per_second 111596.57838884524
Response: "Sucessfully Cleaned Up test environment"
Test Successful! The E2E Performance between the NApp's UEs hasbeen validated</msg>
<msg timestamp="20230717 09:15:17.173" level="INFO">${e2e_ue_performance_test_status} = (0, "Test Successful! The E2E Performance between the NApp's UEs hasbeen validated")</msg>
<status status="PASS" starttime="20230717 09:15:12.153" endtime="20230717 09:15:17.173"/>
</kw>
<if>
<branch type="IF" condition="'${e2e_ue_performance_test_status[0]}' in ['0']">
<kw name="Pass Execution" library="BuiltIn">
<arg>\n${e2e_ue_performance_test_status[1]}</arg>
<doc>Skips rest of the current test, setup, or teardown with PASS status.</doc>
<msg timestamp="20230717 09:15:17.173" level="INFO">Execution passed with message:
Test Successful! The E2E Performance between the NApp's UEs hasbeen validated</msg>
<status status="PASS" starttime="20230717 09:15:17.173" endtime="20230717 09:15:17.173"/>
</kw>
<status status="PASS" starttime="20230717 09:15:17.173" endtime="20230717 09:15:17.173"/>
</branch>
<branch type="ELSE IF" condition="'${e2e_ue_performance_test_status[0]}' in ['1', '2']">
<kw name="Fail" library="BuiltIn">
<arg>\n${e2e_ue_performance_test_status[1]}</arg>
<doc>Fails the test with the given message and optionally alters its tags.</doc>
<status status="NOT RUN" starttime="20230717 09:15:17.174" endtime="20230717 09:15:17.174"/>
</kw>
<status status="NOT RUN" starttime="20230717 09:15:17.173" endtime="20230717 09:15:17.174"/>
</branch>
<branch type="ELSE">
<kw name="Fail" library="BuiltIn">
<arg>\nUnknown Error</arg>
<doc>Fails the test with the given message and optionally alters its tags.</doc>
<status status="NOT RUN" starttime="20230717 09:15:17.174" endtime="20230717 09:15:17.174"/>
</kw>
<status status="NOT RUN" starttime="20230717 09:15:17.174" endtime="20230717 09:15:17.174"/>
</branch>
<status status="PASS" starttime="20230717 09:15:17.173" endtime="20230717 09:15:17.174"/>
</if>
<status status="PASS" starttime="20230717 09:15:12.153" endtime="20230717 09:15:17.174">Test Successful! The E2E Performance between the NApp's UEs hasbeen validated</status>
</test>
<status status="PASS" starttime="20230717 09:15:12.112" endtime="20230717 09:15:17.174"/>
</suite>
<status status="PASS" starttime="20230717 09:15:12.105" endtime="20230717 09:15:17.174"/>
</suite>
<statistics>
<total>
<stat pass="1" fail="0" skip="0">All Tests</stat>
</total>
<tag>
</tag>
<suite>
<stat pass="1" fail="0" skip="0" id="s1" name="E2E Ue Performance Test">E2E Ue Performance Test</stat>
<stat pass="1" fail="0" skip="0" id="s1-s1" name="E2E Ue Performance Test">E2E Ue Performance Test.E2E Ue Performance Test</stat>
</suite>
</statistics>
<errors>
</errors>
</robot>
